Determining if the pthread_create exist failed with the following output:
Change Dir: /home/daino/Scrivania/PlatformDungeon_2.0/cmake-build-debug/CMakeFiles/CMakeTmp

Run Build Command:"/usr/bin/make" "cmTC_2d18c/fast"
/usr/bin/make -f CMakeFiles/cmTC_2d18c.dir/build.make CMakeFiles/cmTC_2d18c.dir/build
make[1]: ingresso nella directory "/home/daino/Scrivania/PlatformDungeon_2.0/cmake-build-debug/CMakeFiles/CMakeTmp"
Building C object CMakeFiles/cmTC_2d18c.dir/CheckSymbolExists.c.o
/usr/bin/cc     -o CMakeFiles/cmTC_2d18c.dir/CheckSymbolExists.c.o   -c /home/daino/Scrivania/PlatformDungeon_2.0/cmake-build-debug/CMakeFiles/CMakeTmp/CheckSymbolExists.c
Linking C executable cmTC_2d18c
/home/daino/Documenti/clion-2017.1.1/bin/cmake/bin/cmake -E cmake_link_script CMakeFiles/cmTC_2d18c.dir/link.txt --verbose=1
/usr/bin/cc       CMakeFiles/cmTC_2d18c.dir/CheckSymbolExists.c.o  -o cmTC_2d18c -rdynamic 
CMakeFiles/cmTC_2d18c.dir/CheckSymbolExists.c.o: nella funzione "main":
CheckSymbolExists.c:(.text+0x16): riferimento non definito a "pthread_create"
collect2: error: ld returned 1 exit status
CMakeFiles/cmTC_2d18c.dir/build.make:97: set di istruzioni per l'obiettivo "cmTC_2d18c" non riuscito
make[1]: *** [cmTC_2d18c] Errore 1
make[1]: uscita dalla directory "/home/daino/Scrivania/PlatformDungeon_2.0/cmake-build-debug/CMakeFiles/CMakeTmp"
Makefile:126: set di istruzioni per l'obiettivo "cmTC_2d18c/fast" non riuscito
make: *** [cmTC_2d18c/fast] Errore 2

File /home/daino/Scrivania/PlatformDungeon_2.0/cmake-build-debug/CMakeFiles/CMakeTmp/CheckSymbolExists.c:
/* */
#include <pthread.h>

int main(int argc, char** argv)
{
  (void)argv;
#ifndef pthread_create
  return ((int*)(&pthread_create))[argc];
#else
  (void)argc;
  return 0;
#endif
}

Determining if the function pthread_create exists in the pthreads failed with the following output:
Change Dir: /home/daino/Scrivania/PlatformDungeon_2.0/cmake-build-debug/CMakeFiles/CMakeTmp

Run Build Command:"/usr/bin/make" "cmTC_0f9cc/fast"
/usr/bin/make -f CMakeFiles/cmTC_0f9cc.dir/build.make CMakeFiles/cmTC_0f9cc.dir/build
make[1]: ingresso nella directory "/home/daino/Scrivania/PlatformDungeon_2.0/cmake-build-debug/CMakeFiles/CMakeTmp"
Building C object CMakeFiles/cmTC_0f9cc.dir/CheckFunctionExists.c.o
/usr/bin/cc    -DCHECK_FUNCTION_EXISTS=pthread_create   -o CMakeFiles/cmTC_0f9cc.dir/CheckFunctionExists.c.o   -c /home/daino/Documenti/clion-2017.1.1/bin/cmake/share/cmake-3.7/Modules/CheckFunctionExists.c
Linking C executable cmTC_0f9cc
/home/daino/Documenti/clion-2017.1.1/bin/cmake/bin/cmake -E cmake_link_script CMakeFiles/cmTC_0f9cc.dir/link.txt --verbose=1
/usr/bin/cc   -DCHECK_FUNCTION_EXISTS=pthread_create    CMakeFiles/cmTC_0f9cc.dir/CheckFunctionExists.c.o  -o cmTC_0f9cc -rdynamic -lpthreads 
/usr/bin/ld: impossibile trovare -lpthreads
collect2: error: ld returned 1 exit status
CMakeFiles/cmTC_0f9cc.dir/build.make:97: set di istruzioni per l'obiettivo "cmTC_0f9cc" non riuscito
make[1]: *** [cmTC_0f9cc] Errore 1
make[1]: uscita dalla directory "/home/daino/Scrivania/PlatformDungeon_2.0/cmake-build-debug/CMakeFiles/CMakeTmp"
Makefile:126: set di istruzioni per l'obiettivo "cmTC_0f9cc/fast" non riuscito
make: *** [cmTC_0f9cc/fast] Errore 2


Determining if the include file pthread.h exists failed with the following output:
Change Dir: /home/daino/Scrivania/PlatformDungeon_2.0/cmake-build-debug/CMakeFiles/CMakeTmp

Run Build Command:"/usr/bin/make" "cmTC_41f3e/fast"
make[2]: ingresso nella directory "/home/daino/Scrivania/PlatformDungeon_2.0/cmake-build-debug/CMakeFiles/CMakeTmp"
make[2]: ***  Nessuna regola per generare l'obiettivo "cmTC_41f3e/fast".  Arresto.
make[2]: uscita dalla directory "/home/daino/Scrivania/PlatformDungeon_2.0/cmake-build-debug/CMakeFiles/CMakeTmp"


